<?xml version="1.0" encoding="UTF-8" standalone="yes"?>
<testsuites name="Cucumber Runner Test Suite" time="18" tests="0" failures="0" errors="0">
    <testsuite name="Cucumber Runner Test Suite" tests="0" failures="0" errors="0" time="18" timestamp="2019-11-12 22:06:24" hostname="BaPpY - 192.168.0.108" id="Test Suites/BDD Feature/Cucumber Runner Test Suite">
        <properties>
            <property name="deviceName" value=""/>
            <property name="devicePlatform" value=""/>
            <property name="logFolder" value="G:\\Katalon Studio\\Katalon Workspace\\SOAP API Service Workouts\\Reports\\20191112_220621\\BDD Feature\\Cucumber Runner Test Suite\\20191112_220621"/>
            <property name="logFiles" value="G:\\Katalon Studio\\Katalon Workspace\\SOAP API Service Workouts\\Reports\\20191112_220621\\BDD Feature\\Cucumber Runner Test Suite\\20191112_220621\\execution0.log"/>
            <property name="attachments" value=""/>
            <property name="hostName" value="BaPpY - 192.168.0.108"/>
            <property name="hostAddress" value="192.168.0.108"/>
            <property name="os" value="Windows 10 64bit"/>
            <property name="katalonVersion" value="6.3.3.11"/>
        </properties>
        <testcase name="Test Cases/Feature Cucumber/Environment Check Test Case" classname="Test Cases/Feature Cucumber/Environment Check Test Case" status="INCOMPLETE">
            <system-out>2019-11-12 22:06:24 - [TEST_CASE][INCOMPLETE] - Test Cases/Feature Cucumber/Environment Check Test Case: null&#xD;
&#xD;
2019-11-12 22:06:24 - [TEST_STEP][PASSED] - Start listener action : sampleBeforeTestCase: null&#xD;
&#xD;
2019-11-12 22:06:24 - [TEST_STEP][PASSED] - println(testCaseContext.getTestCaseId()): null&#xD;
&#xD;
2019-11-12 22:06:24 - [TEST_STEP][PASSED] - println(testCaseContext.getTestCaseVariables()): null&#xD;
&#xD;
2019-11-12 22:06:24 - [TEST_STEP][PASSED] - runFeatureFile("Include/features/Custom.feature"): null&#xD;
&#xD;
2019-11-12 22:06:25 - [MESSAGE][INFO] - Starting run keyword runFeatureFile: 'Include/features/Custom.feature' and extract report to folder: 'G:\Katalon Studio\Katalon Workspace\SOAP API Service Workouts\Reports\20191112_220621\BDD Feature\Cucumber Runner Test Suite\20191112_220621/cucumber_report/1573574785001'...&#xD;
&#xD;
2019-11-12 22:06:25 - [TEST_CASE][PASSED] - Start Test Case : SCENARIO : SCENARIO &#xD;
&#xD;
2019-11-12 22:06:25 - [TEST_STEP][PASSED] - Language Code Is Provided ben: Language Code Is Provided ben&#xD;
&#xD;
2019-11-12 22:06:28 - [MESSAGE][INFO] - HAR: G:\Katalon Studio\Katalon Workspace\SOAP API Service Workouts\Reports\20191112_220621\BDD Feature\Cucumber Runner Test Suite\20191112_220621\requests\main\0.har&#xD;
&#xD;
2019-11-12 22:06:28 - [MESSAGE][PASSED] - Send request successfully&#xD;
&#xD;
2019-11-12 22:06:28 - [MESSAGE][PASSED] - Language Code Is Provided ben&#xD;
&#xD;
2019-11-12 22:06:28 - [TEST_STEP][PASSED] - Generate Country Language Name Bengali: Generate Country Language Name Bengali&#xD;
&#xD;
2019-11-12 22:06:28 - [MESSAGE][INFO] - HAR: G:\Katalon Studio\Katalon Workspace\SOAP API Service Workouts\Reports\20191112_220621\BDD Feature\Cucumber Runner Test Suite\20191112_220621\requests\main\1.har&#xD;
&#xD;
2019-11-12 22:06:29 - [MESSAGE][PASSED] - Send request successfully&#xD;
&#xD;
2019-11-12 22:06:29 - [MESSAGE][PASSED] - Generate Country Language Name Bengali&#xD;
&#xD;
2019-11-12 22:06:29 - [TEST_CASE][PASSED] - Start Test Case : SCENARIO : SCENARIO &#xD;
&#xD;
2019-11-12 22:06:29 - [TEST_STEP][PASSED] - Language Code Is Provided bem: Language Code Is Provided bem&#xD;
&#xD;
2019-11-12 22:06:30 - [MESSAGE][INFO] - HAR: G:\Katalon Studio\Katalon Workspace\SOAP API Service Workouts\Reports\20191112_220621\BDD Feature\Cucumber Runner Test Suite\20191112_220621\requests\main\2.har&#xD;
&#xD;
2019-11-12 22:06:30 - [MESSAGE][PASSED] - Send request successfully&#xD;
&#xD;
2019-11-12 22:06:30 - [MESSAGE][PASSED] - Language Code Is Provided bem&#xD;
&#xD;
2019-11-12 22:06:30 - [TEST_STEP][PASSED] - Generate Country Language Name Bembi: Generate Country Language Name Bembi&#xD;
&#xD;
2019-11-12 22:06:31 - [MESSAGE][INFO] - HAR: G:\Katalon Studio\Katalon Workspace\SOAP API Service Workouts\Reports\20191112_220621\BDD Feature\Cucumber Runner Test Suite\20191112_220621\requests\main\3.har&#xD;
&#xD;
2019-11-12 22:06:31 - [MESSAGE][PASSED] - Send request successfully&#xD;
&#xD;
2019-11-12 22:06:31 - [MESSAGE][PASSED] - Generate Country Language Name Bembi&#xD;
&#xD;
2019-11-12 22:06:31 - [MESSAGE][PASSED] - Feature file: 'Include/features/Custom.feature' was passed&#xD;
&#xD;
2019-11-12 22:06:31 - [TEST_STEP][PASSED] - runFeatureFolder("Include/features"): All feature files in 'Include/features' were passed&#xD;
&#xD;
2019-11-12 22:06:31 - [MESSAGE][INFO] - Starting run keyword runFeatureFolder: 'Include/features' and extract report to folder: 'G:\Katalon Studio\Katalon Workspace\SOAP API Service Workouts\Reports\20191112_220621\BDD Feature\Cucumber Runner Test Suite\20191112_220621/cucumber_report/1573574791951'...&#xD;
&#xD;
2019-11-12 22:06:33 - [MESSAGE][INFO] - HAR: G:\Katalon Studio\Katalon Workspace\SOAP API Service Workouts\Reports\20191112_220621\BDD Feature\Cucumber Runner Test Suite\20191112_220621\requests\main\4.har&#xD;
&#xD;
2019-11-12 22:06:33 - [MESSAGE][PASSED] - Send request successfully&#xD;
&#xD;
2019-11-12 22:06:35 - [MESSAGE][INFO] - HAR: G:\Katalon Studio\Katalon Workspace\SOAP API Service Workouts\Reports\20191112_220621\BDD Feature\Cucumber Runner Test Suite\20191112_220621\requests\main\5.har&#xD;
&#xD;
2019-11-12 22:06:35 - [MESSAGE][PASSED] - Send request successfully&#xD;
&#xD;
2019-11-12 22:06:36 - [MESSAGE][INFO] - HAR: G:\Katalon Studio\Katalon Workspace\SOAP API Service Workouts\Reports\20191112_220621\BDD Feature\Cucumber Runner Test Suite\20191112_220621\requests\main\6.har&#xD;
&#xD;
2019-11-12 22:06:36 - [MESSAGE][PASSED] - Send request successfully&#xD;
&#xD;
2019-11-12 22:06:36 - [MESSAGE][INFO] - HAR: G:\Katalon Studio\Katalon Workspace\SOAP API Service Workouts\Reports\20191112_220621\BDD Feature\Cucumber Runner Test Suite\20191112_220621\requests\main\7.har&#xD;
&#xD;
2019-11-12 22:06:36 - [MESSAGE][PASSED] - Send request successfully&#xD;
&#xD;
2019-11-12 22:06:37 - [MESSAGE][PASSED] - All feature files in 'Include/features' were passed&#xD;
&#xD;
2019-11-12 22:06:37 - [TEST_STEP][PASSED] - runWithCucumberRunner(cucumberIntegration.cucumberRunner): Run with 'cucumberIntegration.cucumberRunner' was passed&#xD;
&#xD;
2019-11-12 22:06:39 - [MESSAGE][INFO] - HAR: G:\Katalon Studio\Katalon Workspace\SOAP API Service Workouts\Reports\20191112_220621\BDD Feature\Cucumber Runner Test Suite\20191112_220621\requests\main\8.har&#xD;
&#xD;
2019-11-12 22:06:39 - [MESSAGE][PASSED] - Send request successfully&#xD;
&#xD;
2019-11-12 22:06:40 - [MESSAGE][INFO] - HAR: G:\Katalon Studio\Katalon Workspace\SOAP API Service Workouts\Reports\20191112_220621\BDD Feature\Cucumber Runner Test Suite\20191112_220621\requests\main\9.har&#xD;
&#xD;
2019-11-12 22:06:40 - [MESSAGE][PASSED] - Send request successfully&#xD;
&#xD;
2019-11-12 22:06:41 - [MESSAGE][INFO] - HAR: G:\Katalon Studio\Katalon Workspace\SOAP API Service Workouts\Reports\20191112_220621\BDD Feature\Cucumber Runner Test Suite\20191112_220621\requests\main\10.har&#xD;
&#xD;
2019-11-12 22:06:41 - [MESSAGE][PASSED] - Send request successfully&#xD;
&#xD;
2019-11-12 22:06:42 - [MESSAGE][INFO] - HAR: G:\Katalon Studio\Katalon Workspace\SOAP API Service Workouts\Reports\20191112_220621\BDD Feature\Cucumber Runner Test Suite\20191112_220621\requests\main\11.har&#xD;
&#xD;
2019-11-12 22:06:42 - [MESSAGE][PASSED] - Send request successfully&#xD;
&#xD;
2019-11-12 22:06:42 - [MESSAGE][PASSED] - Run with 'cucumberIntegration.cucumberRunner' was passed&#xD;
&#xD;
2019-11-12 22:06:42 - [MESSAGE][PASSED] - Test Cases/Feature Cucumber/Environment Check Test Case&#xD;
&#xD;
2019-11-12 22:06:42 - [TEST_STEP][PASSED] - Start listener action : sampleAfterTestCase: null&#xD;
&#xD;
2019-11-12 22:06:42 - [TEST_STEP][PASSED] - println(testCaseContext.getTestCaseId()): null&#xD;
&#xD;
2019-11-12 22:06:42 - [TEST_STEP][PASSED] - println(testCaseContext.getTestCaseStatus()): null&#xD;
&#xD;
2019-11-12 22:06:42 - [TEST_STEP][PASSED] - Start listener action : sampleAfterTestSuite: null&#xD;
&#xD;
2019-11-12 22:06:42 - [TEST_STEP][PASSED] - println(testSuiteContext.getTestSuiteId()): null&#xD;
&#xD;
2019-11-12 22:06:42 - [TEST_STEP][INCOMPLETE] - Start listener action : exportKatalonReports: null</system-out>
            <system-err>2019-11-12 22:06:24 - [TEST_CASE][INCOMPLETE] - Test Cases/Feature Cucumber/Environment Check Test Case: null</system-err>
        </testcase>
        <system-out>2019-11-12 22:06:24 - [TEST_SUITE][INCOMPLETE] - Cucumber Runner Test Suite: null</system-out>
        <system-err>2019-11-12 22:06:24 - [TEST_SUITE][INCOMPLETE] - Cucumber Runner Test Suite: null</system-err>
    </testsuite>
</testsuites>
