<?xml version="1.0" encoding="UTF-8" standalone="yes"?>
<testsuites name="SOAP API Test Suite" time="19" tests="3" failures="0" errors="0">
    <testsuite name="SOAP API Test Suite" tests="3" failures="0" errors="0" time="19" timestamp="2019-11-11 21:09:37" hostname="BaPpY - 192.168.0.108" id="Test Suites/Data Driven/SOAP API Test Suite">
        <properties>
            <property name="deviceName" value=""/>
            <property name="devicePlatform" value=""/>
            <property name="logFolder" value="G:\\Katalon Studio\\Katalon Workspace\\SOAP API Service Workouts\\Reports\\20191111_210934\\Data Driven\\SOAP API Test Suite\\20191111_210934"/>
            <property name="logFiles" value="G:\\Katalon Studio\\Katalon Workspace\\SOAP API Service Workouts\\Reports\\20191111_210934\\Data Driven\\SOAP API Test Suite\\20191111_210934\\execution0.log"/>
            <property name="attachments" value=""/>
            <property name="hostName" value="BaPpY - 192.168.0.108"/>
            <property name="hostAddress" value="192.168.0.108"/>
            <property name="os" value="Windows 10 64bit"/>
            <property name="katalonVersion" value="6.3.3.11"/>
        </properties>
        <testcase name="Test Cases/Data Driven/Country Info API Services" classname="Test Cases/Data Driven/Country Info API Services" status="PASSED">
            <system-out>2019-11-11 21:09:37 - [TEST_CASE][PASSED] - Test Cases/Data Driven/Country Info API Services: Test Cases/Data Driven/Country Info API Services&#xD;
&#xD;
2019-11-11 21:09:37 - [TEST_STEP][PASSED] - Start setup action : setupTestCase: Method 'setupTestCase' complete successfully&#xD;
&#xD;
2019-11-11 21:09:37 - [TEST_STEP][PASSED] - println("SetUpTestCase Done"): null&#xD;
&#xD;
2019-11-11 21:09:37 - [MESSAGE][PASSED] - Method 'setupTestCase' complete successfully&#xD;
&#xD;
2019-11-11 21:09:37 - [TEST_STEP][PASSED] - println(countryISO): null&#xD;
&#xD;
2019-11-11 21:09:37 - [TEST_STEP][PASSED] - println(languageCode): null&#xD;
&#xD;
2019-11-11 21:09:37 - [TEST_STEP][PASSED] - println(languageName): null&#xD;
&#xD;
2019-11-11 21:09:37 - [TEST_STEP][PASSED] - flagResponse = sendRequest(findTestObject("Country API/More Services/Country Flag - Data Driven", ["countryISO":countryISO])): Send request successfully&#xD;
&#xD;
2019-11-11 21:09:40 - [MESSAGE][INFO] - HAR: G:\Katalon Studio\Katalon Workspace\SOAP API Service Workouts\Reports\20191111_210934\Data Driven\SOAP API Test Suite\20191111_210934\requests\main\0.har&#xD;
&#xD;
2019-11-11 21:09:40 - [MESSAGE][PASSED] - Send request successfully&#xD;
&#xD;
2019-11-11 21:09:40 - [TEST_STEP][PASSED] - sendRequestAndVerify(findTestObject("Country API/More Services/Country Flag - Data Driven")): Send request and verify the response successfully&#xD;
&#xD;
2019-11-11 21:09:41 - [MESSAGE][INFO] - HAR: G:\Katalon Studio\Katalon Workspace\SOAP API Service Workouts\Reports\20191111_210934\Data Driven\SOAP API Test Suite\20191111_210934\requests\main\1.har&#xD;
&#xD;
2019-11-11 21:09:41 - [TEST_CASE][PASSED] - Start Test Case : Verification: Verification accomplished successfully&#xD;
&#xD;
2019-11-11 21:09:41 - [TEST_STEP][PASSED] - request = getInstance().getCurrentRequest(): null&#xD;
&#xD;
2019-11-11 21:09:41 - [TEST_STEP][PASSED] - response = getInstance().getCurrentResponse(): null&#xD;
&#xD;
2019-11-11 21:09:41 - [TEST_STEP][PASSED] - verifyElementText(response, "CountryFlagResponse.CountryFlagResult", "http://www.oorsprong.org/WebSamples.CountryInfo/Flags/Bangladesh.jpg"): Verify element text successfully&#xD;
&#xD;
2019-11-11 21:09:41 - [MESSAGE][PASSED] - Verify element text successfully&#xD;
&#xD;
2019-11-11 21:09:41 - [MESSAGE][PASSED] - Verify response successfully&#xD;
&#xD;
2019-11-11 21:09:41 - [MESSAGE][PASSED] - Send request and verify the response successfully&#xD;
&#xD;
2019-11-11 21:09:41 - [TEST_STEP][PASSED] - codeResponse = sendRequest(findTestObject("Country API/More Services/Language Code", ["languageName":languageName])): Send request successfully&#xD;
&#xD;
2019-11-11 21:09:42 - [MESSAGE][INFO] - HAR: G:\Katalon Studio\Katalon Workspace\SOAP API Service Workouts\Reports\20191111_210934\Data Driven\SOAP API Test Suite\20191111_210934\requests\main\2.har&#xD;
&#xD;
2019-11-11 21:09:42 - [MESSAGE][PASSED] - Send request successfully&#xD;
&#xD;
2019-11-11 21:09:42 - [TEST_STEP][PASSED] - sendRequestAndVerify(findTestObject("Country API/More Services/Language Code", ["languageName":"Bengali"])): Send request and verify the response successfully&#xD;
&#xD;
2019-11-11 21:09:43 - [MESSAGE][INFO] - HAR: G:\Katalon Studio\Katalon Workspace\SOAP API Service Workouts\Reports\20191111_210934\Data Driven\SOAP API Test Suite\20191111_210934\requests\main\3.har&#xD;
&#xD;
2019-11-11 21:09:43 - [TEST_CASE][PASSED] - Start Test Case : Verification: Verification accomplished successfully&#xD;
&#xD;
2019-11-11 21:09:43 - [TEST_STEP][PASSED] - request = getInstance().getCurrentRequest(): null&#xD;
&#xD;
2019-11-11 21:09:43 - [TEST_STEP][PASSED] - response = getInstance().getCurrentResponse(): null&#xD;
&#xD;
2019-11-11 21:09:43 - [TEST_STEP][PASSED] - verifyElementText(response, "LanguageISOCodeResponse.LanguageISOCodeResult", "ben"): Verify element text successfully&#xD;
&#xD;
2019-11-11 21:09:43 - [MESSAGE][PASSED] - Verify element text successfully&#xD;
&#xD;
2019-11-11 21:09:43 - [MESSAGE][PASSED] - Verify response successfully&#xD;
&#xD;
2019-11-11 21:09:43 - [MESSAGE][PASSED] - Send request and verify the response successfully&#xD;
&#xD;
2019-11-11 21:09:43 - [TEST_STEP][PASSED] - nameResponse = sendRequest(findTestObject("Country API/More Services/Language Name", ["languageCode":languageCode])): Send request successfully&#xD;
&#xD;
2019-11-11 21:09:44 - [MESSAGE][INFO] - HAR: G:\Katalon Studio\Katalon Workspace\SOAP API Service Workouts\Reports\20191111_210934\Data Driven\SOAP API Test Suite\20191111_210934\requests\main\4.har&#xD;
&#xD;
2019-11-11 21:09:45 - [MESSAGE][PASSED] - Send request successfully&#xD;
&#xD;
2019-11-11 21:09:45 - [TEST_STEP][PASSED] - sendRequestAndVerify(findTestObject("Country API/More Services/Language Name", ["languageISO":"eng"])): Send request and verify the response successfully&#xD;
&#xD;
2019-11-11 21:09:46 - [MESSAGE][INFO] - HAR: G:\Katalon Studio\Katalon Workspace\SOAP API Service Workouts\Reports\20191111_210934\Data Driven\SOAP API Test Suite\20191111_210934\requests\main\5.har&#xD;
&#xD;
2019-11-11 21:09:46 - [TEST_CASE][PASSED] - Start Test Case : Verification: Verification accomplished successfully&#xD;
&#xD;
2019-11-11 21:09:46 - [TEST_STEP][PASSED] - request = getInstance().getCurrentRequest(): null&#xD;
&#xD;
2019-11-11 21:09:46 - [TEST_STEP][PASSED] - response = getInstance().getCurrentResponse(): null&#xD;
&#xD;
2019-11-11 21:09:46 - [TEST_STEP][PASSED] - verifyElementText(response, "LanguageNameResponse.LanguageNameResult", "English"): Verify element text successfully&#xD;
&#xD;
2019-11-11 21:09:46 - [MESSAGE][PASSED] - Verify element text successfully&#xD;
&#xD;
2019-11-11 21:09:46 - [MESSAGE][PASSED] - Verify response successfully&#xD;
&#xD;
2019-11-11 21:09:46 - [MESSAGE][PASSED] - Send request and verify the response successfully&#xD;
&#xD;
2019-11-11 21:09:46 - [TEST_STEP][PASSED] - Start tear down : tearDownTestCase: Method 'tearDownTestCase' complete successfully&#xD;
&#xD;
2019-11-11 21:09:46 - [TEST_STEP][PASSED] - println("TearDownTestCase Done"): null&#xD;
&#xD;
2019-11-11 21:09:46 - [MESSAGE][PASSED] - Method 'tearDownTestCase' complete successfully</system-out>
            <system-err></system-err>
        </testcase>
        <testcase name="Test Cases/Data Driven/Country Info API Services" classname="Test Cases/Data Driven/Country Info API Services" status="PASSED">
            <system-out>2019-11-11 21:09:46 - [TEST_CASE][PASSED] - Test Cases/Data Driven/Country Info API Services: Test Cases/Data Driven/Country Info API Services&#xD;
&#xD;
2019-11-11 21:09:46 - [TEST_STEP][PASSED] - Start setup action : setupTestCase: Method 'setupTestCase' complete successfully&#xD;
&#xD;
2019-11-11 21:09:46 - [TEST_STEP][PASSED] - println("SetUpTestCase Done"): null&#xD;
&#xD;
2019-11-11 21:09:46 - [MESSAGE][PASSED] - Method 'setupTestCase' complete successfully&#xD;
&#xD;
2019-11-11 21:09:46 - [TEST_STEP][PASSED] - println(countryISO): null&#xD;
&#xD;
2019-11-11 21:09:46 - [TEST_STEP][PASSED] - println(languageCode): null&#xD;
&#xD;
2019-11-11 21:09:46 - [TEST_STEP][PASSED] - println(languageName): null&#xD;
&#xD;
2019-11-11 21:09:46 - [TEST_STEP][PASSED] - flagResponse = sendRequest(findTestObject("Country API/More Services/Country Flag - Data Driven", ["countryISO":countryISO])): Send request successfully&#xD;
&#xD;
2019-11-11 21:09:47 - [MESSAGE][INFO] - HAR: G:\Katalon Studio\Katalon Workspace\SOAP API Service Workouts\Reports\20191111_210934\Data Driven\SOAP API Test Suite\20191111_210934\requests\main\6.har&#xD;
&#xD;
2019-11-11 21:09:47 - [MESSAGE][PASSED] - Send request successfully&#xD;
&#xD;
2019-11-11 21:09:47 - [TEST_STEP][PASSED] - sendRequestAndVerify(findTestObject("Country API/More Services/Country Flag - Data Driven")): Send request and verify the response successfully&#xD;
&#xD;
2019-11-11 21:09:47 - [MESSAGE][INFO] - HAR: G:\Katalon Studio\Katalon Workspace\SOAP API Service Workouts\Reports\20191111_210934\Data Driven\SOAP API Test Suite\20191111_210934\requests\main\7.har&#xD;
&#xD;
2019-11-11 21:09:47 - [TEST_CASE][PASSED] - Start Test Case : Verification: Verification accomplished successfully&#xD;
&#xD;
2019-11-11 21:09:48 - [TEST_STEP][PASSED] - request = getInstance().getCurrentRequest(): null&#xD;
&#xD;
2019-11-11 21:09:48 - [TEST_STEP][PASSED] - response = getInstance().getCurrentResponse(): null&#xD;
&#xD;
2019-11-11 21:09:48 - [TEST_STEP][PASSED] - verifyElementText(response, "CountryFlagResponse.CountryFlagResult", "http://www.oorsprong.org/WebSamples.CountryInfo/Flags/Bangladesh.jpg"): Verify element text successfully&#xD;
&#xD;
2019-11-11 21:09:48 - [MESSAGE][PASSED] - Verify element text successfully&#xD;
&#xD;
2019-11-11 21:09:48 - [MESSAGE][PASSED] - Verify response successfully&#xD;
&#xD;
2019-11-11 21:09:48 - [MESSAGE][PASSED] - Send request and verify the response successfully&#xD;
&#xD;
2019-11-11 21:09:48 - [TEST_STEP][PASSED] - codeResponse = sendRequest(findTestObject("Country API/More Services/Language Code", ["languageName":languageName])): Send request successfully&#xD;
&#xD;
2019-11-11 21:09:48 - [MESSAGE][INFO] - HAR: G:\Katalon Studio\Katalon Workspace\SOAP API Service Workouts\Reports\20191111_210934\Data Driven\SOAP API Test Suite\20191111_210934\requests\main\8.har&#xD;
&#xD;
2019-11-11 21:09:48 - [MESSAGE][PASSED] - Send request successfully&#xD;
&#xD;
2019-11-11 21:09:48 - [TEST_STEP][PASSED] - sendRequestAndVerify(findTestObject("Country API/More Services/Language Code", ["languageName":"Bengali"])): Send request and verify the response successfully&#xD;
&#xD;
2019-11-11 21:09:49 - [MESSAGE][INFO] - HAR: G:\Katalon Studio\Katalon Workspace\SOAP API Service Workouts\Reports\20191111_210934\Data Driven\SOAP API Test Suite\20191111_210934\requests\main\9.har&#xD;
&#xD;
2019-11-11 21:09:49 - [TEST_CASE][PASSED] - Start Test Case : Verification: Verification accomplished successfully&#xD;
&#xD;
2019-11-11 21:09:49 - [TEST_STEP][PASSED] - request = getInstance().getCurrentRequest(): null&#xD;
&#xD;
2019-11-11 21:09:49 - [TEST_STEP][PASSED] - response = getInstance().getCurrentResponse(): null&#xD;
&#xD;
2019-11-11 21:09:49 - [TEST_STEP][PASSED] - verifyElementText(response, "LanguageISOCodeResponse.LanguageISOCodeResult", "ben"): Verify element text successfully&#xD;
&#xD;
2019-11-11 21:09:49 - [MESSAGE][PASSED] - Verify element text successfully&#xD;
&#xD;
2019-11-11 21:09:49 - [MESSAGE][PASSED] - Verify response successfully&#xD;
&#xD;
2019-11-11 21:09:49 - [MESSAGE][PASSED] - Send request and verify the response successfully&#xD;
&#xD;
2019-11-11 21:09:49 - [TEST_STEP][PASSED] - nameResponse = sendRequest(findTestObject("Country API/More Services/Language Name", ["languageCode":languageCode])): Send request successfully&#xD;
&#xD;
2019-11-11 21:09:50 - [MESSAGE][INFO] - HAR: G:\Katalon Studio\Katalon Workspace\SOAP API Service Workouts\Reports\20191111_210934\Data Driven\SOAP API Test Suite\20191111_210934\requests\main\10.har&#xD;
&#xD;
2019-11-11 21:09:50 - [MESSAGE][PASSED] - Send request successfully&#xD;
&#xD;
2019-11-11 21:09:50 - [TEST_STEP][PASSED] - sendRequestAndVerify(findTestObject("Country API/More Services/Language Name", ["languageISO":"eng"])): Send request and verify the response successfully&#xD;
&#xD;
2019-11-11 21:09:51 - [MESSAGE][INFO] - HAR: G:\Katalon Studio\Katalon Workspace\SOAP API Service Workouts\Reports\20191111_210934\Data Driven\SOAP API Test Suite\20191111_210934\requests\main\11.har&#xD;
&#xD;
2019-11-11 21:09:51 - [TEST_CASE][PASSED] - Start Test Case : Verification: Verification accomplished successfully&#xD;
&#xD;
2019-11-11 21:09:51 - [TEST_STEP][PASSED] - request = getInstance().getCurrentRequest(): null&#xD;
&#xD;
2019-11-11 21:09:51 - [TEST_STEP][PASSED] - response = getInstance().getCurrentResponse(): null&#xD;
&#xD;
2019-11-11 21:09:51 - [TEST_STEP][PASSED] - verifyElementText(response, "LanguageNameResponse.LanguageNameResult", "English"): Verify element text successfully&#xD;
&#xD;
2019-11-11 21:09:51 - [MESSAGE][PASSED] - Verify element text successfully&#xD;
&#xD;
2019-11-11 21:09:51 - [MESSAGE][PASSED] - Verify response successfully&#xD;
&#xD;
2019-11-11 21:09:51 - [MESSAGE][PASSED] - Send request and verify the response successfully&#xD;
&#xD;
2019-11-11 21:09:51 - [TEST_STEP][PASSED] - Start tear down : tearDownTestCase: Method 'tearDownTestCase' complete successfully&#xD;
&#xD;
2019-11-11 21:09:51 - [TEST_STEP][PASSED] - println("TearDownTestCase Done"): null&#xD;
&#xD;
2019-11-11 21:09:51 - [MESSAGE][PASSED] - Method 'tearDownTestCase' complete successfully</system-out>
            <system-err></system-err>
        </testcase>
        <testcase name="Test Cases/Data Driven/Country Info API Services" classname="Test Cases/Data Driven/Country Info API Services" status="PASSED">
            <system-out>2019-11-11 21:09:51 - [TEST_CASE][PASSED] - Test Cases/Data Driven/Country Info API Services: Test Cases/Data Driven/Country Info API Services&#xD;
&#xD;
2019-11-11 21:09:51 - [TEST_STEP][PASSED] - Start setup action : setupTestCase: Method 'setupTestCase' complete successfully&#xD;
&#xD;
2019-11-11 21:09:51 - [TEST_STEP][PASSED] - println("SetUpTestCase Done"): null&#xD;
&#xD;
2019-11-11 21:09:51 - [MESSAGE][PASSED] - Method 'setupTestCase' complete successfully&#xD;
&#xD;
2019-11-11 21:09:51 - [TEST_STEP][PASSED] - println(countryISO): null&#xD;
&#xD;
2019-11-11 21:09:51 - [TEST_STEP][PASSED] - println(languageCode): null&#xD;
&#xD;
2019-11-11 21:09:51 - [TEST_STEP][PASSED] - println(languageName): null&#xD;
&#xD;
2019-11-11 21:09:51 - [TEST_STEP][PASSED] - flagResponse = sendRequest(findTestObject("Country API/More Services/Country Flag - Data Driven", ["countryISO":countryISO])): Send request successfully&#xD;
&#xD;
2019-11-11 21:09:52 - [MESSAGE][INFO] - HAR: G:\Katalon Studio\Katalon Workspace\SOAP API Service Workouts\Reports\20191111_210934\Data Driven\SOAP API Test Suite\20191111_210934\requests\main\12.har&#xD;
&#xD;
2019-11-11 21:09:52 - [MESSAGE][PASSED] - Send request successfully&#xD;
&#xD;
2019-11-11 21:09:52 - [TEST_STEP][PASSED] - sendRequestAndVerify(findTestObject("Country API/More Services/Country Flag - Data Driven")): Send request and verify the response successfully&#xD;
&#xD;
2019-11-11 21:09:52 - [MESSAGE][INFO] - HAR: G:\Katalon Studio\Katalon Workspace\SOAP API Service Workouts\Reports\20191111_210934\Data Driven\SOAP API Test Suite\20191111_210934\requests\main\13.har&#xD;
&#xD;
2019-11-11 21:09:52 - [TEST_CASE][PASSED] - Start Test Case : Verification: Verification accomplished successfully&#xD;
&#xD;
2019-11-11 21:09:52 - [TEST_STEP][PASSED] - request = getInstance().getCurrentRequest(): null&#xD;
&#xD;
2019-11-11 21:09:52 - [TEST_STEP][PASSED] - response = getInstance().getCurrentResponse(): null&#xD;
&#xD;
2019-11-11 21:09:52 - [TEST_STEP][PASSED] - verifyElementText(response, "CountryFlagResponse.CountryFlagResult", "http://www.oorsprong.org/WebSamples.CountryInfo/Flags/Bangladesh.jpg"): Verify element text successfully&#xD;
&#xD;
2019-11-11 21:09:52 - [MESSAGE][PASSED] - Verify element text successfully&#xD;
&#xD;
2019-11-11 21:09:52 - [MESSAGE][PASSED] - Verify response successfully&#xD;
&#xD;
2019-11-11 21:09:52 - [MESSAGE][PASSED] - Send request and verify the response successfully&#xD;
&#xD;
2019-11-11 21:09:52 - [TEST_STEP][PASSED] - codeResponse = sendRequest(findTestObject("Country API/More Services/Language Code", ["languageName":languageName])): Send request successfully&#xD;
&#xD;
2019-11-11 21:09:53 - [MESSAGE][INFO] - HAR: G:\Katalon Studio\Katalon Workspace\SOAP API Service Workouts\Reports\20191111_210934\Data Driven\SOAP API Test Suite\20191111_210934\requests\main\14.har&#xD;
&#xD;
2019-11-11 21:09:53 - [MESSAGE][PASSED] - Send request successfully&#xD;
&#xD;
2019-11-11 21:09:53 - [TEST_STEP][PASSED] - sendRequestAndVerify(findTestObject("Country API/More Services/Language Code", ["languageName":"Bengali"])): Send request and verify the response successfully&#xD;
&#xD;
2019-11-11 21:09:54 - [MESSAGE][INFO] - HAR: G:\Katalon Studio\Katalon Workspace\SOAP API Service Workouts\Reports\20191111_210934\Data Driven\SOAP API Test Suite\20191111_210934\requests\main\15.har&#xD;
&#xD;
2019-11-11 21:09:54 - [TEST_CASE][PASSED] - Start Test Case : Verification: Verification accomplished successfully&#xD;
&#xD;
2019-11-11 21:09:54 - [TEST_STEP][PASSED] - request = getInstance().getCurrentRequest(): null&#xD;
&#xD;
2019-11-11 21:09:54 - [TEST_STEP][PASSED] - response = getInstance().getCurrentResponse(): null&#xD;
&#xD;
2019-11-11 21:09:54 - [TEST_STEP][PASSED] - verifyElementText(response, "LanguageISOCodeResponse.LanguageISOCodeResult", "ben"): Verify element text successfully&#xD;
&#xD;
2019-11-11 21:09:54 - [MESSAGE][PASSED] - Verify element text successfully&#xD;
&#xD;
2019-11-11 21:09:54 - [MESSAGE][PASSED] - Verify response successfully&#xD;
&#xD;
2019-11-11 21:09:54 - [MESSAGE][PASSED] - Send request and verify the response successfully&#xD;
&#xD;
2019-11-11 21:09:54 - [TEST_STEP][PASSED] - nameResponse = sendRequest(findTestObject("Country API/More Services/Language Name", ["languageCode":languageCode])): Send request successfully&#xD;
&#xD;
2019-11-11 21:09:55 - [MESSAGE][INFO] - HAR: G:\Katalon Studio\Katalon Workspace\SOAP API Service Workouts\Reports\20191111_210934\Data Driven\SOAP API Test Suite\20191111_210934\requests\main\16.har&#xD;
&#xD;
2019-11-11 21:09:55 - [MESSAGE][PASSED] - Send request successfully&#xD;
&#xD;
2019-11-11 21:09:55 - [TEST_STEP][PASSED] - sendRequestAndVerify(findTestObject("Country API/More Services/Language Name", ["languageISO":"eng"])): Send request and verify the response successfully&#xD;
&#xD;
2019-11-11 21:09:56 - [MESSAGE][INFO] - HAR: G:\Katalon Studio\Katalon Workspace\SOAP API Service Workouts\Reports\20191111_210934\Data Driven\SOAP API Test Suite\20191111_210934\requests\main\17.har&#xD;
&#xD;
2019-11-11 21:09:56 - [TEST_CASE][PASSED] - Start Test Case : Verification: Verification accomplished successfully&#xD;
&#xD;
2019-11-11 21:09:56 - [TEST_STEP][PASSED] - request = getInstance().getCurrentRequest(): null&#xD;
&#xD;
2019-11-11 21:09:56 - [TEST_STEP][PASSED] - response = getInstance().getCurrentResponse(): null&#xD;
&#xD;
2019-11-11 21:09:56 - [TEST_STEP][PASSED] - verifyElementText(response, "LanguageNameResponse.LanguageNameResult", "English"): Verify element text successfully&#xD;
&#xD;
2019-11-11 21:09:56 - [MESSAGE][PASSED] - Verify element text successfully&#xD;
&#xD;
2019-11-11 21:09:56 - [MESSAGE][PASSED] - Verify response successfully&#xD;
&#xD;
2019-11-11 21:09:56 - [MESSAGE][PASSED] - Send request and verify the response successfully&#xD;
&#xD;
2019-11-11 21:09:56 - [TEST_STEP][PASSED] - Start tear down : tearDownTestCase: Method 'tearDownTestCase' complete successfully&#xD;
&#xD;
2019-11-11 21:09:56 - [TEST_STEP][PASSED] - println("TearDownTestCase Done"): null&#xD;
&#xD;
2019-11-11 21:09:56 - [MESSAGE][PASSED] - Method 'tearDownTestCase' complete successfully</system-out>
            <system-err></system-err>
        </testcase>
        <system-out>2019-11-11 21:09:37 - [TEST_SUITE][INCOMPLETE] - SOAP API Test Suite: null</system-out>
        <system-err>2019-11-11 21:09:37 - [TEST_SUITE][INCOMPLETE] - SOAP API Test Suite: null</system-err>
    </testsuite>
</testsuites>
