<?xml version="1.0" encoding="UTF-8" standalone="yes"?>
<testsuites name="SOAP API Test Suite" time="28" tests="3" failures="0" errors="0">
    <testsuite name="SOAP API Test Suite" tests="3" failures="0" errors="0" time="28" timestamp="2019-11-09 22:27:28" hostname="BaPpY - 192.168.0.108" id="Test Suites/Data Driven/SOAP API Test Suite">
        <properties>
            <property name="deviceName" value=""/>
            <property name="devicePlatform" value=""/>
            <property name="logFolder" value="G:\\Katalon Studio\\Katalon Workspace\\SOAP API Service Workouts\\Reports\\20191109_222726\\Data Driven\\SOAP API Test Suite\\20191109_222726"/>
            <property name="logFiles" value="G:\\Katalon Studio\\Katalon Workspace\\SOAP API Service Workouts\\Reports\\20191109_222726\\Data Driven\\SOAP API Test Suite\\20191109_222726\\execution0.log"/>
            <property name="attachments" value=""/>
            <property name="hostName" value="BaPpY - 192.168.0.108"/>
            <property name="hostAddress" value="192.168.0.108"/>
            <property name="os" value="Windows 10 64bit"/>
            <property name="katalonVersion" value="6.3.3.11"/>
        </properties>
        <testcase name="Test Cases/Data Driven/Country Info API Services" classname="Test Cases/Data Driven/Country Info API Services" status="PASSED">
            <system-out>2019-11-09 22:27:29 - [TEST_CASE][PASSED] - Test Cases/Data Driven/Country Info API Services: Test Cases/Data Driven/Country Info API Services&#xD;
&#xD;
2019-11-09 22:27:29 - [TEST_STEP][PASSED] - println(countryISO): null&#xD;
&#xD;
2019-11-09 22:27:29 - [TEST_STEP][PASSED] - println(languageCode): null&#xD;
&#xD;
2019-11-09 22:27:29 - [TEST_STEP][PASSED] - println(languageName): null&#xD;
&#xD;
2019-11-09 22:27:29 - [TEST_STEP][PASSED] - flagResponse = sendRequest(findTestObject("Country API/More Services/Country Flag - Data Driven", ["countryISO":countryISO])): Send request successfully&#xD;
&#xD;
2019-11-09 22:27:31 - [MESSAGE][INFO] - HAR: G:\Katalon Studio\Katalon Workspace\SOAP API Service Workouts\Reports\20191109_222726\Data Driven\SOAP API Test Suite\20191109_222726\requests\main\0.har&#xD;
&#xD;
2019-11-09 22:27:31 - [MESSAGE][PASSED] - Send request successfully&#xD;
&#xD;
2019-11-09 22:27:31 - [TEST_STEP][PASSED] - sendRequestAndVerify(findTestObject("Country API/More Services/Country Flag - Data Driven")): Send request and verify the response successfully&#xD;
&#xD;
2019-11-09 22:27:33 - [MESSAGE][INFO] - HAR: G:\Katalon Studio\Katalon Workspace\SOAP API Service Workouts\Reports\20191109_222726\Data Driven\SOAP API Test Suite\20191109_222726\requests\main\1.har&#xD;
&#xD;
2019-11-09 22:27:33 - [TEST_CASE][PASSED] - Start Test Case : Verification: Verification accomplished successfully&#xD;
&#xD;
2019-11-09 22:27:33 - [TEST_STEP][PASSED] - request = getInstance().getCurrentRequest(): null&#xD;
&#xD;
2019-11-09 22:27:33 - [TEST_STEP][PASSED] - response = getInstance().getCurrentResponse(): null&#xD;
&#xD;
2019-11-09 22:27:33 - [TEST_STEP][PASSED] - verifyElementText(response, "CountryFlagResponse.CountryFlagResult", "http://www.oorsprong.org/WebSamples.CountryInfo/Flags/Bangladesh.jpg"): Verify element text successfully&#xD;
&#xD;
2019-11-09 22:27:33 - [MESSAGE][PASSED] - Verify element text successfully&#xD;
&#xD;
2019-11-09 22:27:33 - [MESSAGE][PASSED] - Verify response successfully&#xD;
&#xD;
2019-11-09 22:27:33 - [MESSAGE][PASSED] - Send request and verify the response successfully&#xD;
&#xD;
2019-11-09 22:27:33 - [TEST_STEP][PASSED] - codeResponse = sendRequest(findTestObject("Country API/More Services/Language Code", ["languageName":languageName])): Send request successfully&#xD;
&#xD;
2019-11-09 22:27:34 - [MESSAGE][INFO] - HAR: G:\Katalon Studio\Katalon Workspace\SOAP API Service Workouts\Reports\20191109_222726\Data Driven\SOAP API Test Suite\20191109_222726\requests\main\2.har&#xD;
&#xD;
2019-11-09 22:27:34 - [MESSAGE][PASSED] - Send request successfully&#xD;
&#xD;
2019-11-09 22:27:34 - [TEST_STEP][PASSED] - sendRequestAndVerify(findTestObject("Country API/More Services/Language Code", ["languageName":"Bengali"])): Send request and verify the response successfully&#xD;
&#xD;
2019-11-09 22:27:35 - [MESSAGE][INFO] - HAR: G:\Katalon Studio\Katalon Workspace\SOAP API Service Workouts\Reports\20191109_222726\Data Driven\SOAP API Test Suite\20191109_222726\requests\main\3.har&#xD;
&#xD;
2019-11-09 22:27:35 - [TEST_CASE][PASSED] - Start Test Case : Verification: Verification accomplished successfully&#xD;
&#xD;
2019-11-09 22:27:35 - [TEST_STEP][PASSED] - request = getInstance().getCurrentRequest(): null&#xD;
&#xD;
2019-11-09 22:27:35 - [TEST_STEP][PASSED] - response = getInstance().getCurrentResponse(): null&#xD;
&#xD;
2019-11-09 22:27:35 - [TEST_STEP][PASSED] - verifyElementText(response, "LanguageISOCodeResponse.LanguageISOCodeResult", "ben"): Verify element text successfully&#xD;
&#xD;
2019-11-09 22:27:35 - [MESSAGE][PASSED] - Verify element text successfully&#xD;
&#xD;
2019-11-09 22:27:35 - [MESSAGE][PASSED] - Verify response successfully&#xD;
&#xD;
2019-11-09 22:27:35 - [MESSAGE][PASSED] - Send request and verify the response successfully&#xD;
&#xD;
2019-11-09 22:27:35 - [TEST_STEP][PASSED] - nameResponse = sendRequest(findTestObject("Country API/More Services/Language Name", ["languageCode":languageCode])): Send request successfully&#xD;
&#xD;
2019-11-09 22:27:37 - [MESSAGE][INFO] - HAR: G:\Katalon Studio\Katalon Workspace\SOAP API Service Workouts\Reports\20191109_222726\Data Driven\SOAP API Test Suite\20191109_222726\requests\main\4.har&#xD;
&#xD;
2019-11-09 22:27:37 - [MESSAGE][PASSED] - Send request successfully&#xD;
&#xD;
2019-11-09 22:27:37 - [TEST_STEP][PASSED] - sendRequestAndVerify(findTestObject("Country API/More Services/Language Name", ["languageISO":"eng"])): Send request and verify the response successfully&#xD;
&#xD;
2019-11-09 22:27:39 - [MESSAGE][INFO] - HAR: G:\Katalon Studio\Katalon Workspace\SOAP API Service Workouts\Reports\20191109_222726\Data Driven\SOAP API Test Suite\20191109_222726\requests\main\5.har&#xD;
&#xD;
2019-11-09 22:27:39 - [TEST_CASE][PASSED] - Start Test Case : Verification: Verification accomplished successfully&#xD;
&#xD;
2019-11-09 22:27:39 - [TEST_STEP][PASSED] - request = getInstance().getCurrentRequest(): null&#xD;
&#xD;
2019-11-09 22:27:39 - [TEST_STEP][PASSED] - response = getInstance().getCurrentResponse(): null&#xD;
&#xD;
2019-11-09 22:27:39 - [TEST_STEP][PASSED] - verifyElementText(response, "LanguageNameResponse.LanguageNameResult", "English"): Verify element text successfully&#xD;
&#xD;
2019-11-09 22:27:39 - [MESSAGE][PASSED] - Verify element text successfully&#xD;
&#xD;
2019-11-09 22:27:39 - [MESSAGE][PASSED] - Verify response successfully&#xD;
&#xD;
2019-11-09 22:27:39 - [MESSAGE][PASSED] - Send request and verify the response successfully</system-out>
            <system-err></system-err>
        </testcase>
        <testcase name="Test Cases/Data Driven/Country Info API Services" classname="Test Cases/Data Driven/Country Info API Services" status="PASSED">
            <system-out>2019-11-09 22:27:39 - [TEST_CASE][PASSED] - Test Cases/Data Driven/Country Info API Services: Test Cases/Data Driven/Country Info API Services&#xD;
&#xD;
2019-11-09 22:27:39 - [TEST_STEP][PASSED] - println(countryISO): null&#xD;
&#xD;
2019-11-09 22:27:39 - [TEST_STEP][PASSED] - println(languageCode): null&#xD;
&#xD;
2019-11-09 22:27:39 - [TEST_STEP][PASSED] - println(languageName): null&#xD;
&#xD;
2019-11-09 22:27:39 - [TEST_STEP][PASSED] - flagResponse = sendRequest(findTestObject("Country API/More Services/Country Flag - Data Driven", ["countryISO":countryISO])): Send request successfully&#xD;
&#xD;
2019-11-09 22:27:41 - [MESSAGE][INFO] - HAR: G:\Katalon Studio\Katalon Workspace\SOAP API Service Workouts\Reports\20191109_222726\Data Driven\SOAP API Test Suite\20191109_222726\requests\main\6.har&#xD;
&#xD;
2019-11-09 22:27:41 - [MESSAGE][PASSED] - Send request successfully&#xD;
&#xD;
2019-11-09 22:27:41 - [TEST_STEP][PASSED] - sendRequestAndVerify(findTestObject("Country API/More Services/Country Flag - Data Driven")): Send request and verify the response successfully&#xD;
&#xD;
2019-11-09 22:27:43 - [MESSAGE][INFO] - HAR: G:\Katalon Studio\Katalon Workspace\SOAP API Service Workouts\Reports\20191109_222726\Data Driven\SOAP API Test Suite\20191109_222726\requests\main\7.har&#xD;
&#xD;
2019-11-09 22:27:43 - [TEST_CASE][PASSED] - Start Test Case : Verification: Verification accomplished successfully&#xD;
&#xD;
2019-11-09 22:27:43 - [TEST_STEP][PASSED] - request = getInstance().getCurrentRequest(): null&#xD;
&#xD;
2019-11-09 22:27:43 - [TEST_STEP][PASSED] - response = getInstance().getCurrentResponse(): null&#xD;
&#xD;
2019-11-09 22:27:43 - [TEST_STEP][PASSED] - verifyElementText(response, "CountryFlagResponse.CountryFlagResult", "http://www.oorsprong.org/WebSamples.CountryInfo/Flags/Bangladesh.jpg"): Verify element text successfully&#xD;
&#xD;
2019-11-09 22:27:43 - [MESSAGE][PASSED] - Verify element text successfully&#xD;
&#xD;
2019-11-09 22:27:43 - [MESSAGE][PASSED] - Verify response successfully&#xD;
&#xD;
2019-11-09 22:27:43 - [MESSAGE][PASSED] - Send request and verify the response successfully&#xD;
&#xD;
2019-11-09 22:27:43 - [TEST_STEP][PASSED] - codeResponse = sendRequest(findTestObject("Country API/More Services/Language Code", ["languageName":languageName])): Send request successfully&#xD;
&#xD;
2019-11-09 22:27:44 - [MESSAGE][INFO] - HAR: G:\Katalon Studio\Katalon Workspace\SOAP API Service Workouts\Reports\20191109_222726\Data Driven\SOAP API Test Suite\20191109_222726\requests\main\8.har&#xD;
&#xD;
2019-11-09 22:27:44 - [MESSAGE][PASSED] - Send request successfully&#xD;
&#xD;
2019-11-09 22:27:44 - [TEST_STEP][PASSED] - sendRequestAndVerify(findTestObject("Country API/More Services/Language Code", ["languageName":"Bengali"])): Send request and verify the response successfully&#xD;
&#xD;
2019-11-09 22:27:45 - [MESSAGE][INFO] - HAR: G:\Katalon Studio\Katalon Workspace\SOAP API Service Workouts\Reports\20191109_222726\Data Driven\SOAP API Test Suite\20191109_222726\requests\main\9.har&#xD;
&#xD;
2019-11-09 22:27:45 - [TEST_CASE][PASSED] - Start Test Case : Verification: Verification accomplished successfully&#xD;
&#xD;
2019-11-09 22:27:45 - [TEST_STEP][PASSED] - request = getInstance().getCurrentRequest(): null&#xD;
&#xD;
2019-11-09 22:27:46 - [TEST_STEP][PASSED] - response = getInstance().getCurrentResponse(): null&#xD;
&#xD;
2019-11-09 22:27:46 - [TEST_STEP][PASSED] - verifyElementText(response, "LanguageISOCodeResponse.LanguageISOCodeResult", "ben"): Verify element text successfully&#xD;
&#xD;
2019-11-09 22:27:46 - [MESSAGE][PASSED] - Verify element text successfully&#xD;
&#xD;
2019-11-09 22:27:46 - [MESSAGE][PASSED] - Verify response successfully&#xD;
&#xD;
2019-11-09 22:27:46 - [MESSAGE][PASSED] - Send request and verify the response successfully&#xD;
&#xD;
2019-11-09 22:27:46 - [TEST_STEP][PASSED] - nameResponse = sendRequest(findTestObject("Country API/More Services/Language Name", ["languageCode":languageCode])): Send request successfully&#xD;
&#xD;
2019-11-09 22:27:48 - [MESSAGE][INFO] - HAR: G:\Katalon Studio\Katalon Workspace\SOAP API Service Workouts\Reports\20191109_222726\Data Driven\SOAP API Test Suite\20191109_222726\requests\main\10.har&#xD;
&#xD;
2019-11-09 22:27:48 - [MESSAGE][PASSED] - Send request successfully&#xD;
&#xD;
2019-11-09 22:27:48 - [TEST_STEP][PASSED] - sendRequestAndVerify(findTestObject("Country API/More Services/Language Name", ["languageISO":"eng"])): Send request and verify the response successfully&#xD;
&#xD;
2019-11-09 22:27:50 - [MESSAGE][INFO] - HAR: G:\Katalon Studio\Katalon Workspace\SOAP API Service Workouts\Reports\20191109_222726\Data Driven\SOAP API Test Suite\20191109_222726\requests\main\11.har&#xD;
&#xD;
2019-11-09 22:27:50 - [TEST_CASE][PASSED] - Start Test Case : Verification: Verification accomplished successfully&#xD;
&#xD;
2019-11-09 22:27:50 - [TEST_STEP][PASSED] - request = getInstance().getCurrentRequest(): null&#xD;
&#xD;
2019-11-09 22:27:50 - [TEST_STEP][PASSED] - response = getInstance().getCurrentResponse(): null&#xD;
&#xD;
2019-11-09 22:27:50 - [TEST_STEP][PASSED] - verifyElementText(response, "LanguageNameResponse.LanguageNameResult", "English"): Verify element text successfully&#xD;
&#xD;
2019-11-09 22:27:50 - [MESSAGE][PASSED] - Verify element text successfully&#xD;
&#xD;
2019-11-09 22:27:50 - [MESSAGE][PASSED] - Verify response successfully&#xD;
&#xD;
2019-11-09 22:27:50 - [MESSAGE][PASSED] - Send request and verify the response successfully</system-out>
            <system-err></system-err>
        </testcase>
        <testcase name="Test Cases/Data Driven/Country Info API Services" classname="Test Cases/Data Driven/Country Info API Services" status="PASSED">
            <system-out>2019-11-09 22:27:50 - [TEST_CASE][PASSED] - Test Cases/Data Driven/Country Info API Services: Test Cases/Data Driven/Country Info API Services&#xD;
&#xD;
2019-11-09 22:27:50 - [TEST_STEP][PASSED] - println(countryISO): null&#xD;
&#xD;
2019-11-09 22:27:50 - [TEST_STEP][PASSED] - println(languageCode): null&#xD;
&#xD;
2019-11-09 22:27:50 - [TEST_STEP][PASSED] - println(languageName): null&#xD;
&#xD;
2019-11-09 22:27:50 - [TEST_STEP][PASSED] - flagResponse = sendRequest(findTestObject("Country API/More Services/Country Flag - Data Driven", ["countryISO":countryISO])): Send request successfully&#xD;
&#xD;
2019-11-09 22:27:51 - [MESSAGE][INFO] - HAR: G:\Katalon Studio\Katalon Workspace\SOAP API Service Workouts\Reports\20191109_222726\Data Driven\SOAP API Test Suite\20191109_222726\requests\main\12.har&#xD;
&#xD;
2019-11-09 22:27:51 - [MESSAGE][PASSED] - Send request successfully&#xD;
&#xD;
2019-11-09 22:27:51 - [TEST_STEP][PASSED] - sendRequestAndVerify(findTestObject("Country API/More Services/Country Flag - Data Driven")): Send request and verify the response successfully&#xD;
&#xD;
2019-11-09 22:27:52 - [MESSAGE][INFO] - HAR: G:\Katalon Studio\Katalon Workspace\SOAP API Service Workouts\Reports\20191109_222726\Data Driven\SOAP API Test Suite\20191109_222726\requests\main\13.har&#xD;
&#xD;
2019-11-09 22:27:52 - [TEST_CASE][PASSED] - Start Test Case : Verification: Verification accomplished successfully&#xD;
&#xD;
2019-11-09 22:27:53 - [TEST_STEP][PASSED] - request = getInstance().getCurrentRequest(): null&#xD;
&#xD;
2019-11-09 22:27:53 - [TEST_STEP][PASSED] - response = getInstance().getCurrentResponse(): null&#xD;
&#xD;
2019-11-09 22:27:53 - [TEST_STEP][PASSED] - verifyElementText(response, "CountryFlagResponse.CountryFlagResult", "http://www.oorsprong.org/WebSamples.CountryInfo/Flags/Bangladesh.jpg"): Verify element text successfully&#xD;
&#xD;
2019-11-09 22:27:53 - [MESSAGE][PASSED] - Verify element text successfully&#xD;
&#xD;
2019-11-09 22:27:53 - [MESSAGE][PASSED] - Verify response successfully&#xD;
&#xD;
2019-11-09 22:27:53 - [MESSAGE][PASSED] - Send request and verify the response successfully&#xD;
&#xD;
2019-11-09 22:27:53 - [TEST_STEP][PASSED] - codeResponse = sendRequest(findTestObject("Country API/More Services/Language Code", ["languageName":languageName])): Send request successfully&#xD;
&#xD;
2019-11-09 22:27:54 - [MESSAGE][INFO] - HAR: G:\Katalon Studio\Katalon Workspace\SOAP API Service Workouts\Reports\20191109_222726\Data Driven\SOAP API Test Suite\20191109_222726\requests\main\14.har&#xD;
&#xD;
2019-11-09 22:27:54 - [MESSAGE][PASSED] - Send request successfully&#xD;
&#xD;
2019-11-09 22:27:54 - [TEST_STEP][PASSED] - sendRequestAndVerify(findTestObject("Country API/More Services/Language Code", ["languageName":"Bengali"])): Send request and verify the response successfully&#xD;
&#xD;
2019-11-09 22:27:54 - [MESSAGE][INFO] - HAR: G:\Katalon Studio\Katalon Workspace\SOAP API Service Workouts\Reports\20191109_222726\Data Driven\SOAP API Test Suite\20191109_222726\requests\main\15.har&#xD;
&#xD;
2019-11-09 22:27:55 - [TEST_CASE][PASSED] - Start Test Case : Verification: Verification accomplished successfully&#xD;
&#xD;
2019-11-09 22:27:55 - [TEST_STEP][PASSED] - request = getInstance().getCurrentRequest(): null&#xD;
&#xD;
2019-11-09 22:27:55 - [TEST_STEP][PASSED] - response = getInstance().getCurrentResponse(): null&#xD;
&#xD;
2019-11-09 22:27:55 - [TEST_STEP][PASSED] - verifyElementText(response, "LanguageISOCodeResponse.LanguageISOCodeResult", "ben"): Verify element text successfully&#xD;
&#xD;
2019-11-09 22:27:55 - [MESSAGE][PASSED] - Verify element text successfully&#xD;
&#xD;
2019-11-09 22:27:55 - [MESSAGE][PASSED] - Verify response successfully&#xD;
&#xD;
2019-11-09 22:27:55 - [MESSAGE][PASSED] - Send request and verify the response successfully&#xD;
&#xD;
2019-11-09 22:27:55 - [TEST_STEP][PASSED] - nameResponse = sendRequest(findTestObject("Country API/More Services/Language Name", ["languageCode":languageCode])): Send request successfully&#xD;
&#xD;
2019-11-09 22:27:56 - [MESSAGE][INFO] - HAR: G:\Katalon Studio\Katalon Workspace\SOAP API Service Workouts\Reports\20191109_222726\Data Driven\SOAP API Test Suite\20191109_222726\requests\main\16.har&#xD;
&#xD;
2019-11-09 22:27:56 - [MESSAGE][PASSED] - Send request successfully&#xD;
&#xD;
2019-11-09 22:27:56 - [TEST_STEP][PASSED] - sendRequestAndVerify(findTestObject("Country API/More Services/Language Name", ["languageISO":"eng"])): Send request and verify the response successfully&#xD;
&#xD;
2019-11-09 22:27:56 - [MESSAGE][INFO] - HAR: G:\Katalon Studio\Katalon Workspace\SOAP API Service Workouts\Reports\20191109_222726\Data Driven\SOAP API Test Suite\20191109_222726\requests\main\17.har&#xD;
&#xD;
2019-11-09 22:27:56 - [TEST_CASE][PASSED] - Start Test Case : Verification: Verification accomplished successfully&#xD;
&#xD;
2019-11-09 22:27:57 - [TEST_STEP][PASSED] - request = getInstance().getCurrentRequest(): null&#xD;
&#xD;
2019-11-09 22:27:57 - [TEST_STEP][PASSED] - response = getInstance().getCurrentResponse(): null&#xD;
&#xD;
2019-11-09 22:27:57 - [TEST_STEP][PASSED] - verifyElementText(response, "LanguageNameResponse.LanguageNameResult", "English"): Verify element text successfully&#xD;
&#xD;
2019-11-09 22:27:57 - [MESSAGE][PASSED] - Verify element text successfully&#xD;
&#xD;
2019-11-09 22:27:57 - [MESSAGE][PASSED] - Verify response successfully&#xD;
&#xD;
2019-11-09 22:27:57 - [MESSAGE][PASSED] - Send request and verify the response successfully</system-out>
            <system-err></system-err>
        </testcase>
        <system-out>2019-11-09 22:27:28 - [TEST_SUITE][INCOMPLETE] - SOAP API Test Suite: null</system-out>
        <system-err>2019-11-09 22:27:28 - [TEST_SUITE][INCOMPLETE] - SOAP API Test Suite: null</system-err>
    </testsuite>
</testsuites>
